<?xml version="1.0" encoding="UTF-8"?>
<!-- Generated by org.testng.reporters.JUnitReportReporter -->
<testsuite hostname="DESKTOP-C3U31TA" failures="0" tests="1" name="runner.OrangeTest" time="37.009" errors="0" timestamp="2024-06-13T21:35:00 IST" skipped="0">
  <testcase classname="runner.OrangeTest" name="browserLauncher" time="37.009"/>
  <system-out/>
</testsuite> <!-- runner.OrangeTest -->
