<?xml version="1.0" encoding="UTF-8"?>
<!-- Generated by org.testng.reporters.JUnitReportReporter -->
<testsuite hostname="DESKTOP-C3U31TA" failures="0" tests="4" name="runner.MiniProject" time="141.030" errors="0" timestamp="2024-07-22T19:46:29 IST" skipped="0">
  <testcase classname="runner.MiniProject" name="browserLunch" time="71.974"/>
  <system-out/>
  <testcase classname="runner.MiniProject" name="productSearch" time="5.547"/>
  <system-out/>
  <testcase classname="runner.MiniProject" name="productAdd" time="7.519"/>
  <system-out/>
  <testcase classname="runner.MiniProject" name="productCheckout" time="55.990"/>
  <system-out/>
</testsuite> <!-- runner.MiniProject -->
